2020-07-16 00:18:16,018 WARN com.zaxxer.hikari.pool.HikariPool$HouseKeeper [HikariPool-1 housekeeper] HikariPool-1 - Thread starvation or clock leap detected (housekeeper delta=38m40s120ms).
2020-07-16 01:06:08,573 WARN com.zaxxer.hikari.pool.HikariPool$HouseKeeper [HikariPool-1 housekeeper] HikariPool-1 - Thread starvation or clock leap detected (housekeeper delta=38m22s216ms).
2020-07-16 01:47:08,907 WARN com.zaxxer.hikari.pool.HikariPool$HouseKeeper [HikariPool-1 housekeeper] HikariPool-1 - Thread starvation or clock leap detected (housekeeper delta=40m30s327ms).
2020-07-16 02:03:09,777 WARN com.zaxxer.hikari.pool.HikariPool$HouseKeeper [HikariPool-1 housekeeper] HikariPool-1 - Thread starvation or clock leap detected (housekeeper delta=7m826ms).
2020-07-16 04:30:36,436 WARN com.zaxxer.hikari.pool.HikariPool$HouseKeeper [HikariPool-1 housekeeper] HikariPool-1 - Thread starvation or clock leap detected (housekeeper delta=2h27m26s453ms).
2020-07-16 11:27:43,258 WARN com.zaxxer.hikari.pool.HikariPool$HouseKeeper [HikariPool-1 housekeeper] HikariPool-1 - Thread starvation or clock leap detected (housekeeper delta=6h56m29s118ms).
2020-07-16 12:21:16,342 WARN com.zaxxer.hikari.pool.HikariPool$HouseKeeper [HikariPool-1 housekeeper] HikariPool-1 - Thread starvation or clock leap detected (housekeeper delta=7m934ms).
2020-07-16 13:28:13,933 WARN com.zaxxer.hikari.pool.HikariPool$HouseKeeper [HikariPool-1 housekeeper] HikariPool-1 - Thread starvation or clock leap detected (housekeeper delta=1h6m57s591ms).
2020-07-16 13:36:19,669 WARN com.zaxxer.hikari.pool.HikariPool$HouseKeeper [HikariPool-1 housekeeper] HikariPool-1 - Thread starvation or clock leap detected (housekeeper delta=3m35s690ms).
2020-07-16 13:59:22,649 WARN com.zaxxer.hikari.pool.HikariPool$HouseKeeper [HikariPool-1 housekeeper] HikariPool-1 - Thread starvation or clock leap detected (housekeeper delta=21m2s958ms).
2020-07-16 13:59:52,483 WARN com.zaxxer.hikari.pool.HikariPool$HouseKeeper [HikariPool-1 housekeeper] HikariPool-1 - Retrograde clock change detected (housekeeper delta=29s834ms), soft-evicting connections from pool.
2020-07-16 15:50:17,728 WARN com.zaxxer.hikari.pool.HikariPool$HouseKeeper [HikariPool-1 housekeeper] HikariPool-1 - Thread starvation or clock leap detected (housekeeper delta=9m24s595ms).
2020-07-16 16:41:00,310 WARN com.zaxxer.hikari.pool.HikariPool$HouseKeeper [HikariPool-1 housekeeper] HikariPool-1 - Thread starvation or clock leap detected (housekeeper delta=49m12s562ms).
2020-07-16 18:16:01,966 WARN com.zaxxer.hikari.pool.HikariPool$HouseKeeper [HikariPool-1 housekeeper] HikariPool-1 - Thread starvation or clock leap detected (housekeeper delta=7m963ms).
2020-07-16 18:48:47,181 WARN com.zaxxer.hikari.pool.HikariPool$HouseKeeper [HikariPool-1 housekeeper] HikariPool-1 - Thread starvation or clock leap detected (housekeeper delta=32m15s198ms).
2020-07-16 19:31:39,524 WARN com.zaxxer.hikari.pool.HikariPool$HouseKeeper [HikariPool-1 housekeeper] HikariPool-1 - Thread starvation or clock leap detected (housekeeper delta=42m22s338ms).
2020-07-16 19:38:39,330 WARN com.zaxxer.hikari.pool.HikariPool$HouseKeeper [HikariPool-1 housekeeper] HikariPool-1 - Thread starvation or clock leap detected (housekeeper delta=6m59s806ms).
2020-07-16 20:28:09,472 WARN com.zaxxer.hikari.pool.HikariPool$HouseKeeper [HikariPool-1 housekeeper] HikariPool-1 - Thread starvation or clock leap detected (housekeeper delta=48m59s150ms).
2020-07-16 21:29:18,670 INFO org.springframework.scheduling.concurrent.ExecutorConfigurationSupport [SpringContextShutdownHook] Shutting down ExecutorService 'applicationTaskExecutor'
2020-07-16 21:29:18,675 INFO org.springframework.orm.jpa.AbstractEntityManagerFactoryBean [SpringContextShutdownHook] Closing JPA EntityManagerFactory for persistence unit 'default'
2020-07-16 21:29:18,693 INFO com.zaxxer.hikari.HikariDataSource [SpringContextShutdownHook] HikariPool-1 - Shutdown initiated...
2020-07-16 21:29:18,699 INFO com.zaxxer.hikari.HikariDataSource [SpringContextShutdownHook] HikariPool-1 - Shutdown completed.
2020-07-16 21:29:38,335 INFO org.springframework.boot.StartupInfoLogger [main] Starting UserApiApp on IT-1 with PID 52231 (/Users/it/Documents/workspace-spring-tool-suite-4-4.7.0.RELEASE/bankingproject-data/target/classes started by it in /Users/it/Documents/workspace-spring-tool-suite-4-4.7.0.RELEASE/bankingproject-data)
2020-07-16 21:29:38,343 INFO org.springframework.boot.SpringApplication [main] No active profile set, falling back to default profiles: default
2020-07-16 21:29:39,735 INFO org.springframework.data.repository.config.RepositoryConfigurationDelegate [main] Bootstrapping Spring Data JPA repositories in DEFAULT mode.
2020-07-16 21:29:39,845 INFO org.springframework.data.repository.config.RepositoryConfigurationDelegate [main] Finished Spring Data repository scanning in 94ms. Found 3 JPA repository interfaces.
2020-07-16 21:29:40,353 INFO org.springframework.context.support.PostProcessorRegistrationDelegate$BeanPostProcessorChecker [main] Bean 'org.springframework.transaction.annotation.ProxyTransactionManagementConfiguration' of type [org.springframework.transaction.annotation.ProxyTransactionManagementConfiguration] is not eligible for getting processed by all BeanPostProcessors (for example: not eligible for auto-proxying)
2020-07-16 21:29:40,756 INFO org.springframework.boot.web.embedded.tomcat.TomcatWebServer [main] Tomcat initialized with port(s): 8080 (http)
2020-07-16 21:29:40,777 INFO org.apache.juli.logging.DirectJDKLog [main] Initializing ProtocolHandler ["http-nio-8080"]
2020-07-16 21:29:40,778 INFO org.apache.juli.logging.DirectJDKLog [main] Starting service [Tomcat]
2020-07-16 21:29:40,778 INFO org.apache.juli.logging.DirectJDKLog [main] Starting Servlet engine: [Apache Tomcat/9.0.29]
2020-07-16 21:29:40,966 INFO org.apache.juli.logging.DirectJDKLog [main] Initializing Spring embedded WebApplicationContext
2020-07-16 21:29:40,966 INFO org.springframework.boot.web.servlet.context.ServletWebServerApplicationContext [main] Root WebApplicationContext: initialization completed in 2535 ms
2020-07-16 21:29:41,376 INFO com.zaxxer.hikari.HikariDataSource [main] HikariPool-1 - Starting...
2020-07-16 21:29:41,656 INFO com.zaxxer.hikari.HikariDataSource [main] HikariPool-1 - Start completed.
2020-07-16 21:29:41,811 INFO org.hibernate.jpa.internal.util.LogHelper [main] HHH000204: Processing PersistenceUnitInfo [name: default]
2020-07-16 21:29:42,156 INFO org.hibernate.Version [main] HHH000412: Hibernate Core {5.4.9.Final}
2020-07-16 21:29:42,395 INFO org.hibernate.annotations.common.reflection.java.JavaReflectionManager [main] HCANN000001: Hibernate Commons Annotations {5.1.0.Final}
2020-07-16 21:29:42,637 INFO org.hibernate.dialect.Dialect [main] HHH000400: Using dialect: org.hibernate.dialect.MySQL8Dialect
2020-07-16 21:29:43,922 INFO org.hibernate.engine.transaction.jta.platform.internal.JtaPlatformInitiator [main] HHH000490: Using JtaPlatform implementation: [org.hibernate.engine.transaction.jta.platform.internal.NoJtaPlatform]
2020-07-16 21:29:43,932 INFO org.springframework.orm.jpa.AbstractEntityManagerFactoryBean [main] Initialized JPA EntityManagerFactory for persistence unit 'default'
2020-07-16 21:29:45,006 WARN org.springframework.boot.autoconfigure.orm.jpa.JpaBaseConfiguration$JpaWebConfiguration [main] spring.jpa.open-in-view is enabled by default. Therefore, database queries may be performed during view rendering. Explicitly configure spring.jpa.open-in-view to disable this warning
2020-07-16 21:29:45,209 INFO springfox.documentation.spring.web.PropertySourcedRequestMappingHandlerMapping [main] Mapped URL path [/v2/api-docs] onto method [springfox.documentation.swagger2.web.Swagger2Controller#getDocumentation(String, HttpServletRequest)]
2020-07-16 21:29:45,348 INFO org.springframework.scheduling.concurrent.ExecutorConfigurationSupport [main] Initializing ExecutorService 'applicationTaskExecutor'
2020-07-16 21:29:45,548 INFO springfox.documentation.spring.web.plugins.DocumentationPluginsBootstrapper [main] Context refreshed
2020-07-16 21:29:45,579 INFO springfox.documentation.spring.web.plugins.DocumentationPluginsBootstrapper [main] Found 1 custom documentation plugin(s)
2020-07-16 21:29:45,629 INFO springfox.documentation.spring.web.scanners.ApiListingReferenceScanner [main] Scanning for api listing references
2020-07-16 21:29:45,908 INFO org.apache.juli.logging.DirectJDKLog [main] Starting ProtocolHandler ["http-nio-8080"]
2020-07-16 21:29:45,953 INFO org.springframework.boot.web.embedded.tomcat.TomcatWebServer [main] Tomcat started on port(s): 8080 (http) with context path ''
2020-07-16 21:29:45,956 INFO org.springframework.boot.StartupInfoLogger [main] Started UserApiApp in 8.15 seconds (JVM running for 8.995)
2020-07-16 21:30:38,487 INFO org.springframework.scheduling.concurrent.ExecutorConfigurationSupport [SpringContextShutdownHook] Shutting down ExecutorService 'applicationTaskExecutor'
2020-07-16 21:30:38,501 INFO org.springframework.orm.jpa.AbstractEntityManagerFactoryBean [SpringContextShutdownHook] Closing JPA EntityManagerFactory for persistence unit 'default'
2020-07-16 21:30:38,504 INFO com.zaxxer.hikari.HikariDataSource [SpringContextShutdownHook] HikariPool-1 - Shutdown initiated...
2020-07-16 21:30:38,549 INFO com.zaxxer.hikari.HikariDataSource [SpringContextShutdownHook] HikariPool-1 - Shutdown completed.
2020-07-16 21:32:03,385 INFO org.springframework.boot.StartupInfoLogger [main] Starting UserApiApp on IT-1 with PID 52256 (/Users/it/Documents/workspace-spring-tool-suite-4-4.7.0.RELEASE/bankingproject-data/target/classes started by it in /Users/it/Documents/workspace-spring-tool-suite-4-4.7.0.RELEASE/bankingproject-data)
2020-07-16 21:32:03,394 INFO org.springframework.boot.SpringApplication [main] No active profile set, falling back to default profiles: default
2020-07-16 21:32:04,752 INFO org.springframework.data.repository.config.RepositoryConfigurationDelegate [main] Bootstrapping Spring Data JPA repositories in DEFAULT mode.
2020-07-16 21:32:04,854 INFO org.springframework.data.repository.config.RepositoryConfigurationDelegate [main] Finished Spring Data repository scanning in 87ms. Found 3 JPA repository interfaces.
2020-07-16 21:32:05,568 INFO org.springframework.context.support.PostProcessorRegistrationDelegate$BeanPostProcessorChecker [main] Bean 'org.springframework.transaction.annotation.ProxyTransactionManagementConfiguration' of type [org.springframework.transaction.annotation.ProxyTransactionManagementConfiguration] is not eligible for getting processed by all BeanPostProcessors (for example: not eligible for auto-proxying)
2020-07-16 21:32:06,013 INFO org.springframework.boot.web.embedded.tomcat.TomcatWebServer [main] Tomcat initialized with port(s): 8080 (http)
2020-07-16 21:32:06,032 INFO org.apache.juli.logging.DirectJDKLog [main] Initializing ProtocolHandler ["http-nio-8080"]
2020-07-16 21:32:06,033 INFO org.apache.juli.logging.DirectJDKLog [main] Starting service [Tomcat]
2020-07-16 21:32:06,034 INFO org.apache.juli.logging.DirectJDKLog [main] Starting Servlet engine: [Apache Tomcat/9.0.29]
2020-07-16 21:32:06,175 INFO org.apache.juli.logging.DirectJDKLog [main] Initializing Spring embedded WebApplicationContext
2020-07-16 21:32:06,175 INFO org.springframework.boot.web.servlet.context.ServletWebServerApplicationContext [main] Root WebApplicationContext: initialization completed in 2668 ms
2020-07-16 21:32:06,620 INFO com.zaxxer.hikari.HikariDataSource [main] HikariPool-1 - Starting...
2020-07-16 21:32:06,843 INFO com.zaxxer.hikari.HikariDataSource [main] HikariPool-1 - Start completed.
2020-07-16 21:32:06,917 INFO org.hibernate.jpa.internal.util.LogHelper [main] HHH000204: Processing PersistenceUnitInfo [name: default]
2020-07-16 21:32:07,015 INFO org.hibernate.Version [main] HHH000412: Hibernate Core {5.4.9.Final}
2020-07-16 21:32:07,179 INFO org.hibernate.annotations.common.reflection.java.JavaReflectionManager [main] HCANN000001: Hibernate Commons Annotations {5.1.0.Final}
2020-07-16 21:32:07,338 INFO org.hibernate.dialect.Dialect [main] HHH000400: Using dialect: org.hibernate.dialect.MySQL8Dialect
2020-07-16 21:32:08,805 INFO org.hibernate.engine.transaction.jta.platform.internal.JtaPlatformInitiator [main] HHH000490: Using JtaPlatform implementation: [org.hibernate.engine.transaction.jta.platform.internal.NoJtaPlatform]
2020-07-16 21:32:08,819 INFO org.springframework.orm.jpa.AbstractEntityManagerFactoryBean [main] Initialized JPA EntityManagerFactory for persistence unit 'default'
2020-07-16 21:32:10,411 WARN org.springframework.boot.autoconfigure.orm.jpa.JpaBaseConfiguration$JpaWebConfiguration [main] spring.jpa.open-in-view is enabled by default. Therefore, database queries may be performed during view rendering. Explicitly configure spring.jpa.open-in-view to disable this warning
2020-07-16 21:32:10,633 INFO springfox.documentation.spring.web.PropertySourcedRequestMappingHandlerMapping [main] Mapped URL path [/v2/api-docs] onto method [springfox.documentation.swagger2.web.Swagger2Controller#getDocumentation(String, HttpServletRequest)]
2020-07-16 21:32:10,771 INFO org.springframework.scheduling.concurrent.ExecutorConfigurationSupport [main] Initializing ExecutorService 'applicationTaskExecutor'
2020-07-16 21:32:11,043 INFO springfox.documentation.spring.web.plugins.DocumentationPluginsBootstrapper [main] Context refreshed
2020-07-16 21:32:11,075 INFO springfox.documentation.spring.web.plugins.DocumentationPluginsBootstrapper [main] Found 1 custom documentation plugin(s)
2020-07-16 21:32:11,121 INFO springfox.documentation.spring.web.scanners.ApiListingReferenceScanner [main] Scanning for api listing references
2020-07-16 21:32:11,442 INFO org.apache.juli.logging.DirectJDKLog [main] Starting ProtocolHandler ["http-nio-8080"]
2020-07-16 21:32:11,509 INFO org.springframework.boot.web.embedded.tomcat.TomcatWebServer [main] Tomcat started on port(s): 8080 (http) with context path ''
2020-07-16 21:32:11,513 INFO org.springframework.boot.StartupInfoLogger [main] Started UserApiApp in 9.052 seconds (JVM running for 10.242)
2020-07-16 21:55:21,123 INFO org.springframework.test.context.support.AbstractTestContextBootstrapper [main] Neither @ContextConfiguration nor @ContextHierarchy found for test class [UserServiceTest], using SpringBootContextLoader
2020-07-16 21:55:21,133 INFO org.springframework.test.context.support.AbstractContextLoader [main] Could not detect default resource locations for test class [UserServiceTest]: no resource found for suffixes {-context.xml, Context.groovy}.
2020-07-16 21:55:21,133 INFO org.springframework.test.context.support.AnnotationConfigContextLoaderUtils [main] Could not detect default configuration classes for test class [UserServiceTest]: BankingDataApplicationTests does not declare any static, non-private, non-final, nested classes annotated with @Configuration.
2020-07-16 21:55:21,254 INFO org.springframework.test.context.support.AbstractTestContextBootstrapper [main] Neither @ContextConfiguration nor @ContextHierarchy found for test class [UserServiceTest], using SpringBootContextLoader
2020-07-16 21:55:21,255 INFO org.springframework.test.context.support.AbstractContextLoader [main] Could not detect default resource locations for test class [UserServiceTest]: no resource found for suffixes {-context.xml, Context.groovy}.
2020-07-16 21:55:21,255 INFO org.springframework.test.context.support.AnnotationConfigContextLoaderUtils [main] Could not detect default configuration classes for test class [UserServiceTest]: BankingDataApplicationTests does not declare any static, non-private, non-final, nested classes annotated with @Configuration.
2020-07-16 21:55:21,261 INFO org.springframework.test.context.support.AbstractTestContextBootstrapper [main] Neither @ContextConfiguration nor @ContextHierarchy found for test class [UserServiceTest], using SpringBootContextLoader
2020-07-16 21:55:21,262 INFO org.springframework.test.context.support.AbstractContextLoader [main] Could not detect default resource locations for test class [UserServiceTest]: no resource found for suffixes {-context.xml, Context.groovy}.
2020-07-16 21:55:21,262 INFO org.springframework.test.context.support.AnnotationConfigContextLoaderUtils [main] Could not detect default configuration classes for test class [UserServiceTest]: BankingDataApplicationTests does not declare any static, non-private, non-final, nested classes annotated with @Configuration.
2020-07-16 22:11:02,435 INFO org.springframework.test.context.support.AbstractTestContextBootstrapper [main] Neither @ContextConfiguration nor @ContextHierarchy found for test class [UserServiceTest], using SpringBootContextLoader
2020-07-16 22:11:02,443 INFO org.springframework.test.context.support.AbstractContextLoader [main] Could not detect default resource locations for test class [UserServiceTest]: no resource found for suffixes {-context.xml, Context.groovy}.
2020-07-16 22:11:02,444 INFO org.springframework.test.context.support.AnnotationConfigContextLoaderUtils [main] Could not detect default configuration classes for test class [UserServiceTest]: BankingDataApplicationTests does not declare any static, non-private, non-final, nested classes annotated with @Configuration.
2020-07-16 22:11:02,570 INFO org.springframework.test.context.support.AbstractTestContextBootstrapper [main] Neither @ContextConfiguration nor @ContextHierarchy found for test class [UserServiceTest], using SpringBootContextLoader
2020-07-16 22:11:02,571 INFO org.springframework.test.context.support.AbstractContextLoader [main] Could not detect default resource locations for test class [UserServiceTest]: no resource found for suffixes {-context.xml, Context.groovy}.
2020-07-16 22:11:02,572 INFO org.springframework.test.context.support.AnnotationConfigContextLoaderUtils [main] Could not detect default configuration classes for test class [UserServiceTest]: BankingDataApplicationTests does not declare any static, non-private, non-final, nested classes annotated with @Configuration.
2020-07-16 22:11:02,581 INFO org.springframework.test.context.support.AbstractTestContextBootstrapper [main] Neither @ContextConfiguration nor @ContextHierarchy found for test class [UserServiceTest], using SpringBootContextLoader
2020-07-16 22:11:02,582 INFO org.springframework.test.context.support.AbstractContextLoader [main] Could not detect default resource locations for test class [UserServiceTest]: no resource found for suffixes {-context.xml, Context.groovy}.
2020-07-16 22:11:02,582 INFO org.springframework.test.context.support.AnnotationConfigContextLoaderUtils [main] Could not detect default configuration classes for test class [UserServiceTest]: BankingDataApplicationTests does not declare any static, non-private, non-final, nested classes annotated with @Configuration.
2020-07-16 23:11:05,164 WARN com.zaxxer.hikari.pool.HikariPool$HouseKeeper [HikariPool-1 housekeeper] HikariPool-1 - Thread starvation or clock leap detected (housekeeper delta=34m57s727ms).
